<?xml version="1.0" encoding="UTF-8"?>
<testsuite xmlns:xsi="http://www.w3.org/2001/XMLSchema-instance" xsi:noNamespaceSchemaLocation="https://maven.apache.org/surefire/maven-surefire-plugin/xsd/surefire-test-report-3.0.xsd" version="3.0" name="TestSuite" time="50.634" tests="1" errors="0" skipped="0" failures="0">
  <properties>
[...]
</properties>
  <testcase name="openurl[student, Password123](1)" classname="TestCaseFile.TestCase" time="8.179">
    <system-out><![CDATA[2024-09-18 16:35:05,972-suiteXmlPath: "C:\Users\abhay\eclipse-workspace\MyFRAMEWORKproject\testng.xml"
2024-09-18 16:35:06,846-[Graph] ADDING NODE BaseClass.browserLaunch()[pri:0, instance:null] 751785579
2024-09-18 16:35:06,847-[Graph] ================ SORTING
2024-09-18 16:35:06,856-[Graph] =============== DONE SORTING
2024-09-18 16:35:06,856-[Graph] ====== SORTED NODES
2024-09-18 16:35:06,856-[Graph] ====== END SORTED NODES
2024-09-18 16:35:06,921-[Graph] ADDING NODE TestCase.openurl(java.lang.String,java.lang.String)[pri:0, instance:TestCaseFile.TestCase@73163d48] -2097058254
2024-09-18 16:35:06,922-[Graph] ================ SORTING
2024-09-18 16:35:06,923-[Graph] =============== DONE SORTING
2024-09-18 16:35:06,923-[Graph] ====== SORTED NODES
2024-09-18 16:35:06,924-[Graph] ====== END SORTED NODES
2024-09-18 16:35:39,526-Parsing relationship: /xl/_rels/workbook.xml.rels
2024-09-18 16:35:39,531-Parsing relationship: /_rels/.rels
2024-09-18 16:35:41,293-Loading type system org.apache.poi.schemas.ooxml.system.ooxml
2024-09-18 16:35:41,299-Loading type system org.apache.xmlbeans.metadata.system.sXMLCONFIG
2024-09-18 16:35:41,301-Loading type system org.apache.xmlbeans.metadata.system.sXMLLANG
2024-09-18 16:35:41,324-Loading type system org.apache.xmlbeans.metadata.system.sXMLSCHEMA
2024-09-18 16:35:41,327-Loading type system org.apache.xmlbeans.metadata.system.sXMLTOOLS
2024-09-18 16:35:41,330-Reading unresolved handles for type system org.apache.xmlbeans.metadata.system.sXMLTOOLS
2024-09-18 16:35:41,362-Finished loading type system org.apache.xmlbeans.metadata.system.sXMLTOOLS
2024-09-18 16:35:41,394-Reading unresolved handles for type system org.apache.xmlbeans.metadata.system.sXMLSCHEMA
2024-09-18 16:35:41,404-Finished loading type system org.apache.xmlbeans.metadata.system.sXMLSCHEMA
2024-09-18 16:35:41,408-Reading unresolved handles for type system org.apache.xmlbeans.metadata.system.sXMLLANG
2024-09-18 16:35:41,409-Finished loading type system org.apache.xmlbeans.metadata.system.sXMLLANG
2024-09-18 16:35:41,411-Reading unresolved handles for type system org.apache.xmlbeans.metadata.system.sXMLCONFIG
2024-09-18 16:35:41,412-Finished loading type system org.apache.xmlbeans.metadata.system.sXMLCONFIG
2024-09-18 16:35:41,413-Reading unresolved handles for type system org.apache.poi.schemas.ooxml.system.ooxml
2024-09-18 16:35:41,668-Finished loading type system org.apache.poi.schemas.ooxml.system.ooxml
2024-09-18 16:35:41,669-Resolving type for handle themefd26doctype
2024-09-18 16:35:41,974-Resolving type for handle stylesheet5d8bdoctype
2024-09-18 16:35:42,045-Resolving type for handle ctstylesheet4257type
2024-09-18 16:35:42,054-Resolving type for handle ctnumfmtsb58btype
2024-09-18 16:35:42,082-Resolving type for handle ctnumfmt3870type
2024-09-18 16:35:42,084-Resolving type for handle stnumfmtid76fbtype
2024-09-18 16:35:42,098-Resolving type for handle stxstringf179type
2024-09-18 16:35:42,102-Resolving type for handle ctfonts6623type
2024-09-18 16:35:42,107-Resolving type for handle ctfont14d8type
2024-09-18 16:35:42,161-Resolving type for handle ctfills2c6ftype
2024-09-18 16:35:42,165-Resolving type for handle ctfill550ctype
2024-09-18 16:35:42,173-Resolving type for handle ctborders0d66type
2024-09-18 16:35:42,210-Resolving type for handle ctborderf935type
2024-09-18 16:35:42,222-Resolving type for handle ctcellxfs1322type
2024-09-18 16:35:42,228-Resolving type for handle ctxf97f7type
2024-09-18 16:35:42,233-Resolving type for handle ctcellstylexfsa81ftype
2024-09-18 16:35:42,240-Resolving type for handle cttablestyles872ftype
2024-09-18 16:35:42,278-Resolving type for handle sstf81fdoctype
2024-09-18 16:35:42,287-Resolving type for handle ctsst44f3type
2024-09-18 16:35:42,294-Resolving type for handle ctrsta472type
2024-09-18 16:35:42,359-Resolving type for handle workbookec17doctype
2024-09-18 16:35:42,401-Resolving type for handle ctworkbook83c3type
2024-09-18 16:35:42,410-Resolving type for handle ctsheets49fdtype
2024-09-18 16:35:42,417-Resolving type for handle ctsheet4dbetype
2024-09-18 16:35:42,421-Resolving type for handle strelationshipid1e94type
2024-09-18 16:35:42,425-Resolving type for handle worksheetf539doctype
2024-09-18 16:35:42,465-Resolving type for handle ctworksheet530dtype
2024-09-18 16:35:42,487-Resolving type for handle ctcols627ctype
2024-09-18 16:35:42,516-Resolving type for handle ctcola95ftype
2024-09-18 16:35:42,552-Resolving type for handle ctsheetdata8408type
2024-09-18 16:35:42,606-Resolving type for handle ctrowdd39type
2024-09-18 16:35:42,644-Resolving type for handle ctcell842btype
2024-09-18 16:35:42,664-Resolving type for handle stcellrefe4e0type
2024-09-18 16:35:42,735-Parsing relationship: /xl/_rels/workbook.xml.rels
2024-09-18 16:35:42,738-Parsing relationship: /_rels/.rels
2024-09-18 16:35:42,860-Parsing relationship: /xl/_rels/workbook.xml.rels
2024-09-18 16:35:42,862-Parsing relationship: /_rels/.rels
2024-09-18 16:35:42,966-Resolving type for handle stcelltypebf95type
2024-09-18 16:35:43,023-Parsing relationship: /xl/_rels/workbook.xml.rels
2024-09-18 16:35:43,025-Parsing relationship: /_rels/.rels
onTestStart
2024-09-18 16:35:48,790-open url
2024-09-18 16:35:49,272-Enter the user name
2024-09-18 16:35:49,525-Enter the password
2024-09-18 16:35:51,271-Click on submit button
]]></system-out>
    <system-err><![CDATA[Sept 18, 2024 4:35:38 PM org.openqa.selenium.devtools.CdpVersionFinder findNearestMatch
WARNING: Unable to find CDP implementation matching 129
Sept 18, 2024 4:35:38 PM org.openqa.selenium.chromium.ChromiumDriver lambda$new$5
WARNING: Unable to find version of CDP to use for 129.0.6668.58. You may need to include a dependency on a specific version of the CDP using something similar to `org.seleniumhq.selenium:selenium-devtools-v86:4.19.1` where the version ("v86") matches the version of the chromium-based browser you're using and the version number of the artifact is the same as Selenium's.
]]></system-err>
  </testcase>
</testsuite>